<?xml version="1.0" encoding="UTF-8"?>
<!-- Generated by org.testng.reporters.JUnitXMLReporter -->
<testsuite ignored="0" hostname="VJ-ThinkVersion" failures="1" tests="9" name="LoginModule" time="0.117" errors="0" timestamp="2023-06-02T10:26:52 IST">
  <testcase classname="base.SignInModuleTest" name="SuccessfulRegistration" time="0.005">
    <failure type="java.lang.AssertionError" message="Test case failed">
      <![CDATA[java.lang.AssertionError: Test case failed
at base.SignInModuleTest.SuccessfulRegistration(SignInModuleTest.java:77)
at java.base/java.util.ArrayList.forEach(ArrayList.java:1511)
... Removed 28 stack frames]]>
    </failure>
  </testcase> <!-- SuccessfulRegistration -->
  <testcase classname="base.SignInModuleTest" name="Forgetpassword" time="0.006"/>
  <testcase classname="base.SignInModuleTest" name="SiginNegValidation" time="0.005"/>
  <testcase classname="base.SignInModuleTest" name="SuccessfSigin" time="0.0">
    <skipped/>
  </testcase> <!-- SuccessfSigin -->
  <testcase classname="base.RegistrationModuleTest" name="NegativeFullname" time="0.002"/>
  <testcase classname="base.RegistrationModuleTest" name="NegativeValidEmail" time="0.002"/>
  <testcase classname="base.RegistrationModuleTest" name="NegativeValidLoginFullname" time="0.003"/>
  <testcase classname="base.RegistrationModuleTest" name="NegativeValidMobilenum" time="0.001"/>
  <testcase classname="base.RegistrationModuleTest" name="SuccessfulRegis" time="0.002"/>
</testsuite> <!-- LoginModule -->
